<?xml version="1.0" encoding="UTF-8"?>
<!-- Generated by org.testng.reporters.JUnitXMLReporter -->
<testsuite hostname="HO-SVS-MAMALLAN-LAP" ignored="0" name="Test" tests="7" failures="1" timestamp="19 Jun 2022 06:46:00 GMT" time="77.123" errors="0">
  <testcase name="tc1" time="32.652" classname="org.testngannota.RerunTestCases"/>
  <testcase name="tc2" time="0.025" classname="org.testngannota.RerunTestCases"/>
  <testcase name="tc3" time="44.193" classname="org.testngannota.RerunTestCases"/>
  <testcase name="tc4" time="0.042" classname="org.testngannota.RerunTestCases">
    <skipped/>
  </testcase> <!-- tc4 -->
  <testcase name="tc4" time="0.012" classname="org.testngannota.RerunTestCases">
    <skipped/>
  </testcase> <!-- tc4 -->
  <testcase name="tc4" time="0.011" classname="org.testngannota.RerunTestCases">
    <skipped/>
  </testcase> <!-- tc4 -->
  <testcase name="tc4" time="0.011" classname="org.testngannota.RerunTestCases">
    <failure type="java.lang.AssertionError" message="Please check the tc4 title expected [true] but found [false]">
      <![CDATA[java.lang.AssertionError: Please check the tc4 title expected [true] but found [false]
... Removed 29 stack frames]]>
    </failure>
  </testcase> <!-- tc4 -->
</testsuite> <!-- Test -->
